
 | -------------------------------------- PROGRAM EXECUTION
 | ------------------------------------------------  Data pipeline start
 | Python program: mixpanel_daily_datapipeline.py
 | local/cloud parameter: gcp
 | Execution date: 2019-11-01
 | Data dir: ../data/
 | Log dir: ../log/
 | Json download file dir: ../dir_json_stg/
 | Log file name: ../log/20200318_144241_mixpanel_daily_datapipeline.log
 |  
2020-03-18 14:42:41 | --------------------  Starting execution -------------------------- 
2020-03-18 14:42:41 | Download JSON file and create one dataframe for each EVENT
2020-03-18 14:42:41 | curl https://data.mixpanel.com/api/2.0/export/     -u XXXYYY680770fe99b03e4631ba22fAPI:     -d from_date="2019-11-01"     -d to_date="2019-11-01"     -d event='["Company First Start","Conversation Started","Conversation Completed","A/B - Onboard - Voice","Subscription Confirmed"]' >> ../dir_json_stg/20200318_144241_mixpanel_ALL_events_STG.json
2020-03-18 14:42:41 | JSON API DOWNLOAD - OK
2020-03-18 14:42:41 | Merge all Data frames and filter rows and columns ... 
2020-03-18 14:42:41 | Label Encode valueabonbvoi ...
2020-03-18 14:42:41 | One Hot Encode paths ... 
2020-03-18 14:42:42 | Calculate number of hours...
2020-03-18 14:42:42 | Processing target - number of conversations ...
2020-03-18 14:42:42 | Processing additional feature - amount of yours...
2020-03-18 14:42:42 | Export results to csv (Linux  storage): ../data/2019-11-01-mixpanel_daily_export.csv
2020-03-18 14:42:42 | GCP EXECUTION ... 
2020-03-18 14:42:42 | GCP : exporting results (gs bucket):gs://datapipeline_tmp_xpto/mixpanel_daily_datapipeline_export/../data/2019-11-01-mixpanel_daily_export.csv
2020-03-18 14:42:42 | Cleanup process in  days...  5
2020-03-18 14:42:42 | --------------------  Process end -------------------------- 